<?xml version="1.0" encoding="UTF-8"?>
<!-- Generated by org.testng.reporters.JUnitReportReporter -->
<testsuite hostname="SravanKumar" failures="0" tests="2" name="demoPackage.ChromeDriverDemoTest" time="8.679" errors="0" timestamp="2023-03-14T09:36:21 IST" skipped="0">
  <testcase classname="demoPackage.ChromeDriverDemoTest" name="firstTest" time="4.836"/>
  <system-out/>
  <testcase classname="demoPackage.ChromeDriverDemoTest" name="secondTest" time="3.843"/>
  <system-out/>
</testsuite> <!-- demoPackage.ChromeDriverDemoTest -->
