<?xml version="1.0" encoding="UTF-8"?>
<!-- Generated by org.testng.reporters.JUnitReportReporter -->
<testsuite hostname="SravanKumar" failures="0" tests="2" name="demoPackage.ChromeDriverDemo" time="8.930" errors="0" timestamp="2023-02-07T10:07:37 IST" skipped="1">
  <testcase classname="demoPackage.ChromeDriverDemo" name="firstTest" time="8.930"/>
  <system-out/>
  <testcase classname="demoPackage.ChromeDriverDemo" name="secondTest">
    <skipped/>
  </testcase> <!-- secondTest -->
  <system-out/>
</testsuite> <!-- demoPackage.ChromeDriverDemo -->
